# JRE version: OpenJDK Runtime Environment (8.0_76-b03) (build 1.8.0_76-release-b03)
# Java VM: OpenJDK 64-Bit Server VM (25.76-b03 mixed mode windows-amd64 compressed oops)
Heap:
 PSYoungGen      total 131584K, used 77488K [0x00000000e0000000, 0x00000000e8c00000, 0x0000000100000000)
  eden space 126464K, 57% used [0x00000000e0000000,0x00000000e46b3cd8,0x00000000e7b80000)
  from space 5120K, 99% used [0x00000000e8200000,0x00000000e86f86c8,0x00000000e8700000)
  to   space 5120K, 0% used [0x00000000e8700000,0x00000000e8700000,0x00000000e8c00000)
 ParOldGen       total 65024K, used 20492K [0x00000000a0000000, 0x00000000a3f80000, 0x00000000e0000000)
  object space 65024K, 31% used [0x00000000a0000000,0x00000000a1403118,0x00000000a3f80000)
 Metaspace       used 43649K, capacity 44736K, committed 45056K, reserved 1087488K
  class space    used 5834K, capacity 6076K, committed 6144K, reserved 1048576K
GC Heap History (10 events):
Event: 12.270 GC heap before
{Heap before GC invocations=5 (full 1):
 PSYoungGen      total 71680K, used 66560K [0x00000000e0000000, 0x00000000e8c00000, 0x0000000100000000)
  eden space 66560K, 100% used [0x00000000e0000000,0x00000000e4100000,0x00000000e4100000)
  from space 5120K, 0% used [0x00000000e4100000,0x00000000e4100000,0x00000000e4600000)
  to   space 5120K, 0% used [0x00000000e8700000,0x00000000e8700000,0x00000000e8c00000)
 ParOldGen       total 56832K, used 12367K [0x00000000a0000000, 0x00000000a3780000, 0x00000000e0000000)
  object space 56832K, 21% used [0x00000000a0000000,0x00000000a0c13dd8,0x00000000a3780000)
 Metaspace       used 25697K, capacity 26330K, committed 26624K, reserved 1073152K
  class space    used 3563K, capacity 3739K, committed 3840K, reserved 1048576K
Event: 12.279 GC heap after
Heap after GC invocations=5 (full 1):
 PSYoungGen      total 131584K, used 5117K [0x00000000e0000000, 0x00000000e8c00000, 0x0000000100000000)
  eden space 126464K, 0% used [0x00000000e0000000,0x00000000e0000000,0x00000000e7b80000)
  from space 5120K, 99% used [0x00000000e8700000,0x00000000e8bff5b0,0x00000000e8c00000)
  to   space 5120K, 0% used [0x00000000e8200000,0x00000000e8200000,0x00000000e8700000)
 ParOldGen       total 56832K, used 14838K [0x00000000a0000000, 0x00000000a3780000, 0x00000000e0000000)
  object space 56832K, 26% used [0x00000000a0000000,0x00000000a0e7d928,0x00000000a3780000)
 Metaspace       used 25697K, capacity 26330K, committed 26624K, reserved 1073152K
  class space    used 3563K, capacity 3739K, committed 3840K, reserved 1048576K
}
Event: 27.746 GC heap before
{Heap before GC invocations=6 (full 1):
 PSYoungGen      total 131584K, used 131581K [0x00000000e0000000, 0x00000000e8c00000, 0x0000000100000000)
  eden space 126464K, 100% used [0x00000000e0000000,0x00000000e7b80000,0x00000000e7b80000)
  from space 5120K, 99% used [0x00000000e8700000,0x00000000e8bff5b0,0x00000000e8c00000)
  to   space 5120K, 0% used [0x00000000e8200000,0x00000000e8200000,0x00000000e8700000)
 ParOldGen       total 56832K, used 14838K [0x00000000a0000000, 0x00000000a3780000, 0x00000000e0000000)
  object space 56832K, 26% used [0x00000000a0000000,0x00000000a0e7d928,0x00000000a3780000)
 Metaspace       used 32287K, capacity 32994K, committed 33280K, reserved 1077248K
  class space    used 4401K, capacity 4576K, committed 4608K, reserved 1048576K
Event: 27.759 GC heap after
Heap after GC invocations=6 (full 1):
 PSYoungGen      total 131584K, used 5108K [0x00000000e0000000, 0x00000000e8c00000, 0x0000000100000000)
  eden space 126464K, 0% used [0x00000000e0000000,0x00000000e0000000,0x00000000e7b80000)
  from space 5120K, 99% used [0x00000000e8200000,0x00000000e86fd030,0x00000000e8700000)
  to   space 5120K, 0% used [0x00000000e8700000,0x00000000e8700000,0x00000000e8c00000)
 ParOldGen       total 56832K, used 20411K [0x00000000a0000000, 0x00000000a3780000, 0x00000000e0000000)
  object space 56832K, 35% used [0x00000000a0000000,0x00000000a13eefa0,0x00000000a3780000)
 Metaspace       used 32287K, capacity 32994K, committed 33280K, reserved 1077248K
  class space    used 4401K, capacity 4576K, committed 4608K, reserved 1048576K
}
Event: 28.859 GC heap before
{Heap before GC invocations=7 (full 1):
 PSYoungGen      total 131584K, used 52073K [0x00000000e0000000, 0x00000000e8c00000, 0x0000000100000000)
  eden space 126464K, 37% used [0x00000000e0000000,0x00000000e2ddd680,0x00000000e7b80000)
  from space 5120K, 99% used [0x00000000e8200000,0x00000000e86fd030,0x00000000e8700000)
  to   space 5120K, 0% used [0x00000000e8700000,0x00000000e8700000,0x00000000e8c00000)
 ParOldGen       total 56832K, used 20411K [0x00000000a0000000, 0x00000000a3780000, 0x00000000e0000000)
  object space 56832K, 35% used [0x00000000a0000000,0x00000000a13eefa0,0x00000000a3780000)
 Metaspace       used 34523K, capacity 35210K, committed 35496K, reserved 1079296K
  class space    used 4662K, capacity 4842K, committed 4864K, reserved 1048576K
Event: 28.879 GC heap after
Heap after GC invocations=7 (full 1):
 PSYoungGen      total 131584K, used 5088K [0x00000000e0000000, 0x00000000e8c00000, 0x0000000100000000)
  eden space 126464K, 0% used [0x00000000e0000000,0x00000000e0000000,0x00000000e7b80000)
  from space 5120K, 99% used [0x00000000e8700000,0x00000000e8bf8020,0x00000000e8c00000)
  to   space 5120K, 0% used [0x00000000e8200000,0x00000000e8200000,0x00000000e8700000)
 ParOldGen       total 56832K, used 23706K [0x00000000a0000000, 0x00000000a3780000, 0x00000000e0000000)
  object space 56832K, 41% used [0x00000000a0000000,0x00000000a1726870,0x00000000a3780000)
 Metaspace       used 34523K, capacity 35210K, committed 35496K, reserved 1079296K
  class space    used 4662K, capacity 4842K, committed 4864K, reserved 1048576K
}
Event: 28.879 GC heap before
{Heap before GC invocations=8 (full 2):
 PSYoungGen      total 131584K, used 5088K [0x00000000e0000000, 0x00000000e8c00000, 0x0000000100000000)
  eden space 126464K, 0% used [0x00000000e0000000,0x00000000e0000000,0x00000000e7b80000)
  from space 5120K, 99% used [0x00000000e8700000,0x00000000e8bf8020,0x00000000e8c00000)
  to   space 5120K, 0% used [0x00000000e8200000,0x00000000e8200000,0x00000000e8700000)
 ParOldGen       total 56832K, used 23706K [0x00000000a0000000, 0x00000000a3780000, 0x00000000e0000000)
  object space 56832K, 41% used [0x00000000a0000000,0x00000000a1726870,0x00000000a3780000)
 Metaspace       used 34523K, capacity 35210K, committed 35496K, reserved 1079296K
  class space    used 4662K, capacity 4842K, committed 4864K, reserved 1048576K
Event: 28.957 GC heap after
Heap after GC invocations=8 (full 2):
 PSYoungGen      total 131584K, used 0K [0x00000000e0000000, 0x00000000e8c00000, 0x0000000100000000)
  eden space 126464K, 0% used [0x00000000e0000000,0x00000000e0000000,0x00000000e7b80000)
  from space 5120K, 0% used [0x00000000e8700000,0x00000000e8700000,0x00000000e8c00000)
  to   space 5120K, 0% used [0x00000000e8200000,0x00000000e8200000,0x00000000e8700000)
 ParOldGen       total 65024K, used 16083K [0x00000000a0000000, 0x00000000a3f80000, 0x00000000e0000000)
  object space 65024K, 24% used [0x00000000a0000000,0x00000000a0fb4c40,0x00000000a3f80000)
 Metaspace       used 34523K, capacity 35210K, committed 35496K, reserved 1079296K
  class space    used 4662K, capacity 4842K, committed 4864K, reserved 1048576K
}
Event: 37.401 GC heap before
{Heap before GC invocations=9 (full 2):
 PSYoungGen      total 131584K, used 126464K [0x00000000e0000000, 0x00000000e8c00000, 0x0000000100000000)
  eden space 126464K, 100% used [0x00000000e0000000,0x00000000e7b80000,0x00000000e7b80000)
  from space 5120K, 0% used [0x00000000e8700000,0x00000000e8700000,0x00000000e8c00000)
  to   space 5120K, 0% used [0x00000000e8200000,0x00000000e8200000,0x00000000e8700000)
 ParOldGen       total 65024K, used 16083K [0x00000000a0000000, 0x00000000a3f80000, 0x00000000e0000000)
  object space 65024K, 24% used [0x00000000a0000000,0x00000000a0fb4c40,0x00000000a3f80000)
 Metaspace       used 41607K, capacity 42564K, committed 43008K, reserved 1087488K
  class space    used 5558K, capacity 5790K, committed 5888K, reserved 1048576K
Event: 37.408 GC heap after
Heap after GC invocations=9 (full 2):
 PSYoungGen      total 131584K, used 5089K [0x00000000e0000000, 0x00000000e8c00000, 0x0000000100000000)
  eden space 126464K, 0% used [0x00000000e0000000,0x00000000e0000000,0x00000000e7b80000)
  from space 5120K, 99% used [0x00000000e8200000,0x00000000e86f86c8,0x00000000e8700000)
  to   space 5120K, 0% used [0x00000000e8700000,0x00000000e8700000,0x00000000e8c00000)
 ParOldGen       total 65024K, used 20492K [0x00000000a0000000, 0x00000000a3f80000, 0x00000000e0000000)
  object space 65024K, 31% used [0x00000000a0000000,0x00000000a1403118,0x00000000a3f80000)
 Metaspace       used 41607K, capacity 42564K, committed 43008K, reserved 1087488K
  class space    used 5558K, capacity 5790K, committed 5888K, reserved 1048576K
}

